<?xml version="1.0" encoding="UTF-8"?>
<testsuite name="com.example.redis.RedisTemplateTest" tests="1" skipped="0" failures="0" errors="0" timestamp="2025-03-30T09:02:49.936Z" hostname="Minsuui-MacBookAir.local" time="0.724">
  <properties/>
  <testcase name="itemRedisTemplateTest()" classname="com.example.redis.RedisTemplateTest" time="0.724"/>
  <system-out><![CDATA[18:02:48.770 [Test worker] INFO org.springframework.test.context.support.AnnotationConfigContextLoaderUtils -- Could not detect default configuration classes for test class [com.example.redis.RedisTemplateTest]: RedisTemplateTest does not declare any static, non-private, non-final, nested classes annotated with @Configuration.
18:02:48.845 [Test worker] INFO org.springframework.boot.test.context.SpringBootTestContextBootstrapper -- Found @SpringBootConfiguration com.example.redis.RedisApplication for test class com.example.redis.RedisTemplateTest

  .   ____          _            __ _ _
 /\\ / ___'_ __ _ _(_)_ __  __ _ \ \ \ \
( ( )\___ | '_ | '_| | '_ \/ _` | \ \ \ \
 \\/  ___)| |_)| | | | | || (_| |  ) ) ) )
  '  |____| .__|_| |_|_| |_\__, | / / / /
 =========|_|==============|___/=/_/_/_/

 :: Spring Boot ::                (v3.4.4)

2025-03-30T18:02:49.049+09:00  INFO 64500 --- [    Test worker] com.example.redis.RedisTemplateTest      : Starting RedisTemplateTest using Java 17.0.14 with PID 64500 (started by minsujeong in /Users/minsujeong/Downloads/redis)
2025-03-30T18:02:49.050+09:00  INFO 64500 --- [    Test worker] com.example.redis.RedisTemplateTest      : No active profile set, falling back to 1 default profile: "default"
2025-03-30T18:02:49.314+09:00  INFO 64500 --- [    Test worker] .s.d.r.c.RepositoryConfigurationDelegate : Multiple Spring Data modules found, entering strict repository configuration mode
2025-03-30T18:02:49.315+09:00  INFO 64500 --- [    Test worker] .s.d.r.c.RepositoryConfigurationDelegate : Bootstrapping Spring Data Redis repositories in DEFAULT mode.
2025-03-30T18:02:49.387+09:00  INFO 64500 --- [    Test worker] .s.d.r.c.RepositoryConfigurationDelegate : Finished Spring Data repository scanning in 63 ms. Found 1 Redis repository interface.
2025-03-30T18:02:49.928+09:00  INFO 64500 --- [    Test worker] com.example.redis.RedisTemplateTest      : Started RedisTemplateTest in 1.013 seconds (process running for 1.509)
ItemDto(name=Mechanical Keyboard, description=OMG, price=255000)
my:mouse
]]></system-out>
  <system-err><![CDATA[]]></system-err>
</testsuite>
